<?xml version="1.0" encoding="UTF-8"?>
<testsuite xmlns:xsi="http://www.w3.org/2001/XMLSchema-instance" xsi:noNamespaceSchemaLocation="https://maven.apache.org/surefire/maven-surefire-plugin/xsd/surefire-test-report-3.0.xsd" version="3.0" name="TestSuite" time="5.701" tests="70" errors="0" skipped="0" failures="0">
  <properties>
[...]
</properties>
  <testcase name="testContextLoad" classname="com.example.demo.CustomerLoyaltyProjectTest" time="0.024"/>
  <testcase name="testCreateCustomer" classname="com.example.demo.CustomerLoyaltyProjectTest" time="0.0">
    <system-out><![CDATA[testContextLoad - PASS
]]></system-out>
  </testcase>
  <testcase name="testGetCustomer" classname="com.example.demo.CustomerLoyaltyProjectTest" time="0.0">
    <system-out><![CDATA[testCreateCustomer - PASS
]]></system-out>
  </testcase>
  <testcase name="testListCustomers" classname="com.example.demo.CustomerLoyaltyProjectTest" time="0.0">
    <system-out><![CDATA[testGetCustomer - PASS
]]></system-out>
  </testcase>
  <testcase name="testMissingCustomer" classname="com.example.demo.CustomerLoyaltyProjectTest" time="0.0">
    <system-out><![CDATA[testListCustomers - PASS
]]></system-out>
  </testcase>
  <testcase name="testCreatePurchase" classname="com.example.demo.CustomerLoyaltyProjectTest" time="0.0">
    <system-out><![CDATA[testMissingCustomer - PASS
]]></system-out>
  </testcase>
  <testcase name="testInvalidPurchaseAmount" classname="com.example.demo.CustomerLoyaltyProjectTest" time="0.0">
    <system-out><![CDATA[testCreatePurchase - PASS
]]></system-out>
  </testcase>
  <testcase name="testCreateVisit" classname="com.example.demo.CustomerLoyaltyProjectTest" time="0.0">
    <system-out><![CDATA[testInvalidPurchaseAmount - PASS
]]></system-out>
  </testcase>
  <testcase name="testInvalidVisitChannel" classname="com.example.demo.CustomerLoyaltyProjectTest" time="0.0">
    <system-out><![CDATA[testCreateVisit - PASS
]]></system-out>
  </testcase>
  <testcase name="testUpdateTier" classname="com.example.demo.CustomerLoyaltyProjectTest" time="0.0">
    <system-out><![CDATA[testInvalidVisitChannel - PASS
]]></system-out>
  </testcase>
  <testcase name="testFindByCustomerId" classname="com.example.demo.CustomerLoyaltyProjectTest" time="0.0">
    <system-out><![CDATA[testUpdateTier - PASS
]]></system-out>
  </testcase>
  <testcase name="testDeactivateCustomer" classname="com.example.demo.CustomerLoyaltyProjectTest" time="0.0">
    <system-out><![CDATA[testFindByCustomerId - PASS
]]></system-out>
  </testcase>
  <testcase name="testCreateRule" classname="com.example.demo.CustomerLoyaltyProjectTest" time="0.0">
    <system-out><![CDATA[testDeactivateCustomer - PASS
]]></system-out>
  </testcase>
  <testcase name="testGetActiveRules" classname="com.example.demo.CustomerLoyaltyProjectTest" time="0.0">
    <system-out><![CDATA[testCreateRule - PASS
]]></system-out>
  </testcase>
  <testcase name="testRuleLookup" classname="com.example.demo.CustomerLoyaltyProjectTest" time="0.001">
    <system-out><![CDATA[testGetActiveRules - PASS
]]></system-out>
  </testcase>
  <testcase name="testGetPurchasesByCustomer" classname="com.example.demo.CustomerLoyaltyProjectTest" time="0.0">
    <system-out><![CDATA[testRuleLookup - PASS
]]></system-out>
  </testcase>
  <testcase name="testGetVisitsByCustomer" classname="com.example.demo.CustomerLoyaltyProjectTest" time="0.0">
    <system-out><![CDATA[testGetPurchasesByCustomer - PASS
]]></system-out>
  </testcase>
  <testcase name="testInvalidCustomerLookup" classname="com.example.demo.CustomerLoyaltyProjectTest" time="0.001">
    <system-out><![CDATA[testGetVisitsByCustomer - PASS
]]></system-out>
  </testcase>
  <testcase name="testInvalidRuleLookup" classname="com.example.demo.CustomerLoyaltyProjectTest" time="0.012">
    <system-out><![CDATA[testInvalidCustomerLookup - PASS
]]></system-out>
  </testcase>
  <testcase name="testReactivateCustomer" classname="com.example.demo.CustomerLoyaltyProjectTest" time="0.0">
    <system-out><![CDATA[testInvalidRuleLookup - PASS
]]></system-out>
  </testcase>
  <testcase name="testDI1" classname="com.example.demo.CustomerLoyaltyProjectTest" time="0.001">
    <system-out><![CDATA[testReactivateCustomer - PASS
]]></system-out>
  </testcase>
  <testcase name="testDI2" classname="com.example.demo.CustomerLoyaltyProjectTest" time="0.0">
    <system-out><![CDATA[testDI1 - PASS
]]></system-out>
  </testcase>
  <testcase name="testDI3" classname="com.example.demo.CustomerLoyaltyProjectTest" time="0.001">
    <system-out><![CDATA[testDI2 - PASS
]]></system-out>
  </testcase>
  <testcase name="testDI4" classname="com.example.demo.CustomerLoyaltyProjectTest" time="0.0">
    <system-out><![CDATA[testDI3 - PASS
]]></system-out>
  </testcase>
  <testcase name="testDI5" classname="com.example.demo.CustomerLoyaltyProjectTest" time="0.03">
    <system-out><![CDATA[testDI4 - PASS
]]></system-out>
  </testcase>
  <testcase name="testHibernate1" classname="com.example.demo.CustomerLoyaltyProjectTest" time="0.0">
    <system-out><![CDATA[testDI5 - PASS
]]></system-out>
  </testcase>
  <testcase name="testHibernate2" classname="com.example.demo.CustomerLoyaltyProjectTest" time="0.0">
    <system-out><![CDATA[testHibernate1 - PASS
]]></system-out>
  </testcase>
  <testcase name="testHibernate3" classname="com.example.demo.CustomerLoyaltyProjectTest" time="0.0">
    <system-out><![CDATA[testHibernate2 - PASS
]]></system-out>
  </testcase>
  <testcase name="testEntity1" classname="com.example.demo.CustomerLoyaltyProjectTest" time="0.0">
    <system-out><![CDATA[testHibernate3 - PASS
]]></system-out>
  </testcase>
  <testcase name="testEntity2" classname="com.example.demo.CustomerLoyaltyProjectTest" time="0.0">
    <system-out><![CDATA[testEntity1 - PASS
]]></system-out>
  </testcase>
  <testcase name="testEntity3" classname="com.example.demo.CustomerLoyaltyProjectTest" time="0.0">
    <system-out><![CDATA[testEntity2 - PASS
]]></system-out>
  </testcase>
  <testcase name="testEntity4" classname="com.example.demo.CustomerLoyaltyProjectTest" time="0.0">
    <system-out><![CDATA[testEntity3 - PASS
]]></system-out>
  </testcase>
  <testcase name="testEntity5" classname="com.example.demo.CustomerLoyaltyProjectTest" time="0.0">
    <system-out><![CDATA[testEntity4 - PASS
]]></system-out>
  </testcase>
  <testcase name="testHql1" classname="com.example.demo.CustomerLoyaltyProjectTest" time="0.0">
    <system-out><![CDATA[testEntity5 - PASS
]]></system-out>
  </testcase>
  <testcase name="testHql2" classname="com.example.demo.CustomerLoyaltyProjectTest" time="0.0">
    <system-out><![CDATA[testHql1 - PASS
]]></system-out>
  </testcase>
  <testcase name="test1NF" classname="com.example.demo.CustomerLoyaltyProjectTest" time="0.0">
    <system-out><![CDATA[testHql2 - PASS
]]></system-out>
  </testcase>
  <testcase name="test2NF" classname="com.example.demo.CustomerLoyaltyProjectTest" time="0.0">
    <system-out><![CDATA[test1NF - PASS
]]></system-out>
  </testcase>
  <testcase name="test3NF" classname="com.example.demo.CustomerLoyaltyProjectTest" time="0.0">
    <system-out><![CDATA[test2NF - PASS
]]></system-out>
  </testcase>
  <testcase name="testManyToMany1" classname="com.example.demo.CustomerLoyaltyProjectTest" time="0.0">
    <system-out><![CDATA[test3NF - PASS
]]></system-out>
  </testcase>
  <testcase name="testManyToMany2" classname="com.example.demo.CustomerLoyaltyProjectTest" time="0.054">
    <system-out><![CDATA[testManyToMany1 - PASS
]]></system-out>
  </testcase>
  <testcase name="testManyToMany3" classname="com.example.demo.CustomerLoyaltyProjectTest" time="0.0">
    <system-out><![CDATA[testManyToMany2 - PASS
]]></system-out>
  </testcase>
  <testcase name="testManyToMany4" classname="com.example.demo.CustomerLoyaltyProjectTest" time="0.0">
    <system-out><![CDATA[testManyToMany3 - PASS
]]></system-out>
  </testcase>
  <testcase name="testJwt1" classname="com.example.demo.CustomerLoyaltyProjectTest" time="0.0">
    <system-out><![CDATA[testManyToMany4 - PASS
]]></system-out>
  </testcase>
  <testcase name="testJwt2" classname="com.example.demo.CustomerLoyaltyProjectTest" time="0.0">
    <system-out><![CDATA[testJwt1 - PASS
]]></system-out>
  </testcase>
  <testcase name="testJwt3" classname="com.example.demo.CustomerLoyaltyProjectTest" time="0.0">
    <system-out><![CDATA[testJwt2 - PASS
]]></system-out>
  </testcase>
  <testcase name="testEngine1" classname="com.example.demo.CustomerLoyaltyProjectTest" time="0.0">
    <system-out><![CDATA[testJwt3 - PASS
]]></system-out>
  </testcase>
  <testcase name="testEngine2" classname="com.example.demo.CustomerLoyaltyProjectTest" time="0.0">
    <system-out><![CDATA[testEngine1 - PASS
]]></system-out>
  </testcase>
  <testcase name="testEdge1" classname="com.example.demo.CustomerLoyaltyProjectTest" time="0.0">
    <system-out><![CDATA[testEngine2 - PASS
]]></system-out>
  </testcase>
  <testcase name="testEdge2" classname="com.example.demo.CustomerLoyaltyProjectTest" time="0.0">
    <system-out><![CDATA[testEdge1 - PASS
]]></system-out>
  </testcase>
  <testcase name="testEdge3" classname="com.example.demo.CustomerLoyaltyProjectTest" time="0.0">
    <system-out><![CDATA[testEdge2 - PASS
]]></system-out>
  </testcase>
  <testcase name="testFinal1" classname="com.example.demo.CustomerLoyaltyProjectTest" time="0.0">
    <system-out><![CDATA[testEdge3 - PASS
]]></system-out>
  </testcase>
  <testcase name="testFinal2" classname="com.example.demo.CustomerLoyaltyProjectTest" time="0.0">
    <system-out><![CDATA[testFinal1 - PASS
]]></system-out>
  </testcase>
  <testcase name="testFinal3" classname="com.example.demo.CustomerLoyaltyProjectTest" time="0.0">
    <system-out><![CDATA[testFinal2 - PASS
]]></system-out>
  </testcase>
  <testcase name="testFinal4" classname="com.example.demo.CustomerLoyaltyProjectTest" time="0.0">
    <system-out><![CDATA[testFinal3 - PASS
]]></system-out>
  </testcase>
  <testcase name="testFinal5" classname="com.example.demo.CustomerLoyaltyProjectTest" time="0.0">
    <system-out><![CDATA[testFinal4 - PASS
]]></system-out>
  </testcase>
  <testcase name="testFinal6" classname="com.example.demo.CustomerLoyaltyProjectTest" time="0.0">
    <system-out><![CDATA[testFinal5 - PASS
]]></system-out>
  </testcase>
  <testcase name="testFinal7" classname="com.example.demo.CustomerLoyaltyProjectTest" time="0.0">
    <system-out><![CDATA[testFinal6 - PASS
]]></system-out>
  </testcase>
  <testcase name="testFinal8" classname="com.example.demo.CustomerLoyaltyProjectTest" time="0.0">
    <system-out><![CDATA[testFinal7 - PASS
]]></system-out>
  </testcase>
  <testcase name="testFinal9" classname="com.example.demo.CustomerLoyaltyProjectTest" time="0.0">
    <system-out><![CDATA[testFinal8 - PASS
]]></system-out>
  </testcase>
  <testcase name="testFinal10" classname="com.example.demo.CustomerLoyaltyProjectTest" time="0.0">
    <system-out><![CDATA[testFinal9 - PASS
]]></system-out>
  </testcase>
  <testcase name="testFinal11" classname="com.example.demo.CustomerLoyaltyProjectTest" time="0.0">
    <system-out><![CDATA[testFinal10 - PASS
]]></system-out>
  </testcase>
  <testcase name="testFinal12" classname="com.example.demo.CustomerLoyaltyProjectTest" time="0.0">
    <system-out><![CDATA[testFinal11 - PASS
]]></system-out>
  </testcase>
  <testcase name="testFinal13" classname="com.example.demo.CustomerLoyaltyProjectTest" time="0.0">
    <system-out><![CDATA[testFinal12 - PASS
]]></system-out>
  </testcase>
  <testcase name="testFinal14" classname="com.example.demo.CustomerLoyaltyProjectTest" time="0.0">
    <system-out><![CDATA[testFinal13 - PASS
]]></system-out>
  </testcase>
  <testcase name="testFinal15" classname="com.example.demo.CustomerLoyaltyProjectTest" time="0.0">
    <system-out><![CDATA[testFinal14 - PASS
]]></system-out>
  </testcase>
  <testcase name="testFinal16" classname="com.example.demo.CustomerLoyaltyProjectTest" time="0.0">
    <system-out><![CDATA[testFinal15 - PASS
]]></system-out>
  </testcase>
  <testcase name="testFinal17" classname="com.example.demo.CustomerLoyaltyProjectTest" time="0.0">
    <system-out><![CDATA[testFinal16 - PASS
]]></system-out>
  </testcase>
  <testcase name="testFinal18" classname="com.example.demo.CustomerLoyaltyProjectTest" time="0.0">
    <system-out><![CDATA[testFinal17 - PASS
]]></system-out>
  </testcase>
  <testcase name="testFinal19" classname="com.example.demo.CustomerLoyaltyProjectTest" time="0.0">
    <system-out><![CDATA[testFinal18 - PASS
]]></system-out>
  </testcase>
  <testcase name="testFinal20" classname="com.example.demo.CustomerLoyaltyProjectTest" time="0.0">
    <system-out><![CDATA[testFinal19 - PASS
]]></system-out>
  </testcase>
</testsuite>