<?xml version="1.0" encoding="UTF-8"?>
<testng-results ignored="0" total="70" passed="70" failed="0" skipped="0">
  <reporter-output>
  </reporter-output>
  <suite started-at="2025-12-30T05:50:41 UTC" name="Surefire suite" finished-at="2025-12-30T05:50:42 UTC" duration-ms="789">
    <groups>
    </groups>
    <test started-at="2025-12-30T05:50:41 UTC" name="Surefire test" finished-at="2025-12-30T05:50:42 UTC" duration-ms="789">
      <class name="com.example.demo.CustomerLoyaltyProjectTest">
        <test-method is-config="true" signature="setup()[pri:0, instance:com.example.demo.CustomerLoyaltyProjectTest@40a4337a]" started-at="2025-12-30T05:50:41 UTC" name="setup" finished-at="2025-12-30T05:50:41 UTC" duration-ms="91" status="PASS">
          <reporter-output>
          </reporter-output>
        </test-method> <!-- setup -->
        <test-method signature="testContextLoad()[pri:1, instance:com.example.demo.CustomerLoyaltyProjectTest@40a4337a]" started-at="2025-12-30T05:50:41 UTC" name="testContextLoad" finished-at="2025-12-30T05:50:41 UTC" duration-ms="4" status="PASS">
          <reporter-output>
          </reporter-output>
        </test-method> <!-- testContextLoad -->
        <test-method signature="testCreateCustomer()[pri:2, instance:com.example.demo.CustomerLoyaltyProjectTest@40a4337a]" started-at="2025-12-30T05:50:41 UTC" name="testCreateCustomer" finished-at="2025-12-30T05:50:41 UTC" duration-ms="0" status="PASS">
          <reporter-output>
          </reporter-output>
        </test-method> <!-- testCreateCustomer -->
        <test-method signature="testGetCustomer()[pri:3, instance:com.example.demo.CustomerLoyaltyProjectTest@40a4337a]" started-at="2025-12-30T05:50:41 UTC" name="testGetCustomer" finished-at="2025-12-30T05:50:41 UTC" duration-ms="0" status="PASS">
          <reporter-output>
          </reporter-output>
        </test-method> <!-- testGetCustomer -->
        <test-method signature="testListCustomers()[pri:4, instance:com.example.demo.CustomerLoyaltyProjectTest@40a4337a]" started-at="2025-12-30T05:50:41 UTC" name="testListCustomers" finished-at="2025-12-30T05:50:41 UTC" duration-ms="0" status="PASS">
          <reporter-output>
          </reporter-output>
        </test-method> <!-- testListCustomers -->
        <test-method signature="testMissingCustomer()[pri:5, instance:com.example.demo.CustomerLoyaltyProjectTest@40a4337a]" started-at="2025-12-30T05:50:41 UTC" name="testMissingCustomer" finished-at="2025-12-30T05:50:41 UTC" duration-ms="0" status="PASS">
          <reporter-output>
          </reporter-output>
        </test-method> <!-- testMissingCustomer -->
        <test-method signature="testCreatePurchase()[pri:6, instance:com.example.demo.CustomerLoyaltyProjectTest@40a4337a]" started-at="2025-12-30T05:50:41 UTC" name="testCreatePurchase" finished-at="2025-12-30T05:50:41 UTC" duration-ms="0" status="PASS">
          <reporter-output>
          </reporter-output>
        </test-method> <!-- testCreatePurchase -->
        <test-method signature="testInvalidPurchaseAmount()[pri:7, instance:com.example.demo.CustomerLoyaltyProjectTest@40a4337a]" started-at="2025-12-30T05:50:41 UTC" name="testInvalidPurchaseAmount" finished-at="2025-12-30T05:50:41 UTC" duration-ms="2" status="PASS">
          <reporter-output>
          </reporter-output>
        </test-method> <!-- testInvalidPurchaseAmount -->
        <test-method signature="testCreateVisit()[pri:8, instance:com.example.demo.CustomerLoyaltyProjectTest@40a4337a]" started-at="2025-12-30T05:50:41 UTC" name="testCreateVisit" finished-at="2025-12-30T05:50:41 UTC" duration-ms="0" status="PASS">
          <reporter-output>
          </reporter-output>
        </test-method> <!-- testCreateVisit -->
        <test-method signature="testInvalidVisitChannel()[pri:9, instance:com.example.demo.CustomerLoyaltyProjectTest@40a4337a]" started-at="2025-12-30T05:50:41 UTC" name="testInvalidVisitChannel" finished-at="2025-12-30T05:50:41 UTC" duration-ms="1" status="PASS">
          <reporter-output>
          </reporter-output>
        </test-method> <!-- testInvalidVisitChannel -->
        <test-method signature="testUpdateTier()[pri:10, instance:com.example.demo.CustomerLoyaltyProjectTest@40a4337a]" started-at="2025-12-30T05:50:41 UTC" name="testUpdateTier" finished-at="2025-12-30T05:50:41 UTC" duration-ms="1" status="PASS">
          <reporter-output>
          </reporter-output>
        </test-method> <!-- testUpdateTier -->
        <test-method signature="testFindByCustomerId()[pri:11, instance:com.example.demo.CustomerLoyaltyProjectTest@40a4337a]" started-at="2025-12-30T05:50:41 UTC" name="testFindByCustomerId" finished-at="2025-12-30T05:50:41 UTC" duration-ms="1" status="PASS">
          <reporter-output>
          </reporter-output>
        </test-method> <!-- testFindByCustomerId -->
        <test-method signature="testDeactivateCustomer()[pri:12, instance:com.example.demo.CustomerLoyaltyProjectTest@40a4337a]" started-at="2025-12-30T05:50:41 UTC" name="testDeactivateCustomer" finished-at="2025-12-30T05:50:41 UTC" duration-ms="0" status="PASS">
          <reporter-output>
          </reporter-output>
        </test-method> <!-- testDeactivateCustomer -->
        <test-method signature="testCreateRule()[pri:13, instance:com.example.demo.CustomerLoyaltyProjectTest@40a4337a]" started-at="2025-12-30T05:50:41 UTC" name="testCreateRule" finished-at="2025-12-30T05:50:41 UTC" duration-ms="2" status="PASS">
          <reporter-output>
          </reporter-output>
        </test-method> <!-- testCreateRule -->
        <test-method signature="testGetActiveRules()[pri:14, instance:com.example.demo.CustomerLoyaltyProjectTest@40a4337a]" started-at="2025-12-30T05:50:41 UTC" name="testGetActiveRules" finished-at="2025-12-30T05:50:41 UTC" duration-ms="1" status="PASS">
          <reporter-output>
          </reporter-output>
        </test-method> <!-- testGetActiveRules -->
        <test-method signature="testRuleLookup()[pri:15, instance:com.example.demo.CustomerLoyaltyProjectTest@40a4337a]" started-at="2025-12-30T05:50:41 UTC" name="testRuleLookup" finished-at="2025-12-30T05:50:41 UTC" duration-ms="1" status="PASS">
          <reporter-output>
          </reporter-output>
        </test-method> <!-- testRuleLookup -->
        <test-method signature="testGetPurchasesByCustomer()[pri:16, instance:com.example.demo.CustomerLoyaltyProjectTest@40a4337a]" started-at="2025-12-30T05:50:41 UTC" name="testGetPurchasesByCustomer" finished-at="2025-12-30T05:50:41 UTC" duration-ms="1" status="PASS">
          <reporter-output>
          </reporter-output>
        </test-method> <!-- testGetPurchasesByCustomer -->
        <test-method signature="testGetVisitsByCustomer()[pri:17, instance:com.example.demo.CustomerLoyaltyProjectTest@40a4337a]" started-at="2025-12-30T05:50:41 UTC" name="testGetVisitsByCustomer" finished-at="2025-12-30T05:50:41 UTC" duration-ms="0" status="PASS">
          <reporter-output>
          </reporter-output>
        </test-method> <!-- testGetVisitsByCustomer -->
        <test-method signature="testInvalidCustomerLookup()[pri:18, instance:com.example.demo.CustomerLoyaltyProjectTest@40a4337a]" started-at="2025-12-30T05:50:41 UTC" name="testInvalidCustomerLookup" finished-at="2025-12-30T05:50:41 UTC" duration-ms="0" status="PASS">
          <reporter-output>
          </reporter-output>
        </test-method> <!-- testInvalidCustomerLookup -->
        <test-method signature="testInvalidRuleLookup()[pri:19, instance:com.example.demo.CustomerLoyaltyProjectTest@40a4337a]" started-at="2025-12-30T05:50:41 UTC" name="testInvalidRuleLookup" finished-at="2025-12-30T05:50:41 UTC" duration-ms="0" status="PASS">
          <reporter-output>
          </reporter-output>
        </test-method> <!-- testInvalidRuleLookup -->
        <test-method signature="testReactivateCustomer()[pri:20, instance:com.example.demo.CustomerLoyaltyProjectTest@40a4337a]" started-at="2025-12-30T05:50:41 UTC" name="testReactivateCustomer" finished-at="2025-12-30T05:50:41 UTC" duration-ms="0" status="PASS">
          <reporter-output>
          </reporter-output>
        </test-method> <!-- testReactivateCustomer -->
        <test-method signature="testDI1()[pri:21, instance:com.example.demo.CustomerLoyaltyProjectTest@40a4337a]" started-at="2025-12-30T05:50:41 UTC" name="testDI1" finished-at="2025-12-30T05:50:41 UTC" duration-ms="1" status="PASS">
          <reporter-output>
          </reporter-output>
        </test-method> <!-- testDI1 -->
        <test-method signature="testDI2()[pri:22, instance:com.example.demo.CustomerLoyaltyProjectTest@40a4337a]" started-at="2025-12-30T05:50:41 UTC" name="testDI2" finished-at="2025-12-30T05:50:41 UTC" duration-ms="0" status="PASS">
          <reporter-output>
          </reporter-output>
        </test-method> <!-- testDI2 -->
        <test-method signature="testDI3()[pri:23, instance:com.example.demo.CustomerLoyaltyProjectTest@40a4337a]" started-at="2025-12-30T05:50:41 UTC" name="testDI3" finished-at="2025-12-30T05:50:41 UTC" duration-ms="0" status="PASS">
          <reporter-output>
          </reporter-output>
        </test-method> <!-- testDI3 -->
        <test-method signature="testDI4()[pri:24, instance:com.example.demo.CustomerLoyaltyProjectTest@40a4337a]" started-at="2025-12-30T05:50:41 UTC" name="testDI4" finished-at="2025-12-30T05:50:41 UTC" duration-ms="0" status="PASS">
          <reporter-output>
          </reporter-output>
        </test-method> <!-- testDI4 -->
        <test-method signature="testDI5()[pri:25, instance:com.example.demo.CustomerLoyaltyProjectTest@40a4337a]" started-at="2025-12-30T05:50:41 UTC" name="testDI5" finished-at="2025-12-30T05:50:41 UTC" duration-ms="0" status="PASS">
          <reporter-output>
          </reporter-output>
        </test-method> <!-- testDI5 -->
        <test-method signature="testHibernate1()[pri:26, instance:com.example.demo.CustomerLoyaltyProjectTest@40a4337a]" started-at="2025-12-30T05:50:41 UTC" name="testHibernate1" finished-at="2025-12-30T05:50:41 UTC" duration-ms="0" status="PASS">
          <reporter-output>
          </reporter-output>
        </test-method> <!-- testHibernate1 -->
        <test-method signature="testHibernate2()[pri:27, instance:com.example.demo.CustomerLoyaltyProjectTest@40a4337a]" started-at="2025-12-30T05:50:41 UTC" name="testHibernate2" finished-at="2025-12-30T05:50:41 UTC" duration-ms="1" status="PASS">
          <reporter-output>
          </reporter-output>
        </test-method> <!-- testHibernate2 -->
        <test-method signature="testHibernate3()[pri:28, instance:com.example.demo.CustomerLoyaltyProjectTest@40a4337a]" started-at="2025-12-30T05:50:41 UTC" name="testHibernate3" finished-at="2025-12-30T05:50:41 UTC" duration-ms="0" status="PASS">
          <reporter-output>
          </reporter-output>
        </test-method> <!-- testHibernate3 -->
        <test-method signature="testEntity1()[pri:29, instance:com.example.demo.CustomerLoyaltyProjectTest@40a4337a]" started-at="2025-12-30T05:50:41 UTC" name="testEntity1" finished-at="2025-12-30T05:50:41 UTC" duration-ms="0" status="PASS">
          <reporter-output>
          </reporter-output>
        </test-method> <!-- testEntity1 -->
        <test-method signature="testEntity2()[pri:30, instance:com.example.demo.CustomerLoyaltyProjectTest@40a4337a]" started-at="2025-12-30T05:50:41 UTC" name="testEntity2" finished-at="2025-12-30T05:50:41 UTC" duration-ms="0" status="PASS">
          <reporter-output>
          </reporter-output>
        </test-method> <!-- testEntity2 -->
        <test-method signature="testEntity3()[pri:31, instance:com.example.demo.CustomerLoyaltyProjectTest@40a4337a]" started-at="2025-12-30T05:50:41 UTC" name="testEntity3" finished-at="2025-12-30T05:50:41 UTC" duration-ms="0" status="PASS">
          <reporter-output>
          </reporter-output>
        </test-method> <!-- testEntity3 -->
        <test-method signature="testEntity4()[pri:32, instance:com.example.demo.CustomerLoyaltyProjectTest@40a4337a]" started-at="2025-12-30T05:50:41 UTC" name="testEntity4" finished-at="2025-12-30T05:50:41 UTC" duration-ms="0" status="PASS">
          <reporter-output>
          </reporter-output>
        </test-method> <!-- testEntity4 -->
        <test-method signature="testEntity5()[pri:33, instance:com.example.demo.CustomerLoyaltyProjectTest@40a4337a]" started-at="2025-12-30T05:50:41 UTC" name="testEntity5" finished-at="2025-12-30T05:50:41 UTC" duration-ms="0" status="PASS">
          <reporter-output>
          </reporter-output>
        </test-method> <!-- testEntity5 -->
        <test-method signature="testHql1()[pri:34, instance:com.example.demo.CustomerLoyaltyProjectTest@40a4337a]" started-at="2025-12-30T05:50:41 UTC" name="testHql1" finished-at="2025-12-30T05:50:41 UTC" duration-ms="0" status="PASS">
          <reporter-output>
          </reporter-output>
        </test-method> <!-- testHql1 -->
        <test-method signature="testHql2()[pri:35, instance:com.example.demo.CustomerLoyaltyProjectTest@40a4337a]" started-at="2025-12-30T05:50:41 UTC" name="testHql2" finished-at="2025-12-30T05:50:41 UTC" duration-ms="0" status="PASS">
          <reporter-output>
          </reporter-output>
        </test-method> <!-- testHql2 -->
        <test-method signature="test1NF()[pri:36, instance:com.example.demo.CustomerLoyaltyProjectTest@40a4337a]" started-at="2025-12-30T05:50:41 UTC" name="test1NF" finished-at="2025-12-30T05:50:41 UTC" duration-ms="0" status="PASS">
          <reporter-output>
          </reporter-output>
        </test-method> <!-- test1NF -->
        <test-method signature="test2NF()[pri:37, instance:com.example.demo.CustomerLoyaltyProjectTest@40a4337a]" started-at="2025-12-30T05:50:41 UTC" name="test2NF" finished-at="2025-12-30T05:50:41 UTC" duration-ms="0" status="PASS">
          <reporter-output>
          </reporter-output>
        </test-method> <!-- test2NF -->
        <test-method signature="test3NF()[pri:38, instance:com.example.demo.CustomerLoyaltyProjectTest@40a4337a]" started-at="2025-12-30T05:50:41 UTC" name="test3NF" finished-at="2025-12-30T05:50:41 UTC" duration-ms="0" status="PASS">
          <reporter-output>
          </reporter-output>
        </test-method> <!-- test3NF -->
        <test-method signature="testManyToMany1()[pri:39, instance:com.example.demo.CustomerLoyaltyProjectTest@40a4337a]" started-at="2025-12-30T05:50:41 UTC" name="testManyToMany1" finished-at="2025-12-30T05:50:41 UTC" duration-ms="0" status="PASS">
          <reporter-output>
          </reporter-output>
        </test-method> <!-- testManyToMany1 -->
        <test-method signature="testManyToMany2()[pri:40, instance:com.example.demo.CustomerLoyaltyProjectTest@40a4337a]" started-at="2025-12-30T05:50:41 UTC" name="testManyToMany2" finished-at="2025-12-30T05:50:41 UTC" duration-ms="0" status="PASS">
          <reporter-output>
          </reporter-output>
        </test-method> <!-- testManyToMany2 -->
        <test-method signature="testManyToMany3()[pri:41, instance:com.example.demo.CustomerLoyaltyProjectTest@40a4337a]" started-at="2025-12-30T05:50:41 UTC" name="testManyToMany3" finished-at="2025-12-30T05:50:41 UTC" duration-ms="0" status="PASS">
          <reporter-output>
          </reporter-output>
        </test-method> <!-- testManyToMany3 -->
        <test-method signature="testManyToMany4()[pri:42, instance:com.example.demo.CustomerLoyaltyProjectTest@40a4337a]" started-at="2025-12-30T05:50:41 UTC" name="testManyToMany4" finished-at="2025-12-30T05:50:41 UTC" duration-ms="0" status="PASS">
          <reporter-output>
          </reporter-output>
        </test-method> <!-- testManyToMany4 -->
        <test-method signature="testJwt2()[pri:44, instance:com.example.demo.CustomerLoyaltyProjectTest@40a4337a]" started-at="2025-12-30T05:50:41 UTC" name="testJwt2" finished-at="2025-12-30T05:50:41 UTC" duration-ms="0" status="PASS">
          <reporter-output>
          </reporter-output>
        </test-method> <!-- testJwt2 -->
        <test-method signature="testJwt1()[pri:43, instance:com.example.demo.CustomerLoyaltyProjectTest@40a4337a]" started-at="2025-12-30T05:50:41 UTC" name="testJwt1" finished-at="2025-12-30T05:50:41 UTC" duration-ms="0" status="PASS">
          <reporter-output>
          </reporter-output>
        </test-method> <!-- testJwt1 -->
        <test-method signature="testJwt3()[pri:45, instance:com.example.demo.CustomerLoyaltyProjectTest@40a4337a]" started-at="2025-12-30T05:50:41 UTC" name="testJwt3" finished-at="2025-12-30T05:50:41 UTC" duration-ms="0" status="PASS">
          <reporter-output>
          </reporter-output>
        </test-method> <!-- testJwt3 -->
        <test-method signature="testEngine1()[pri:46, instance:com.example.demo.CustomerLoyaltyProjectTest@40a4337a]" started-at="2025-12-30T05:50:41 UTC" name="testEngine1" finished-at="2025-12-30T05:50:41 UTC" duration-ms="1" status="PASS">
          <reporter-output>
          </reporter-output>
        </test-method> <!-- testEngine1 -->
        <test-method signature="testEngine2()[pri:47, instance:com.example.demo.CustomerLoyaltyProjectTest@40a4337a]" started-at="2025-12-30T05:50:41 UTC" name="testEngine2" finished-at="2025-12-30T05:50:41 UTC" duration-ms="0" status="PASS">
          <reporter-output>
          </reporter-output>
        </test-method> <!-- testEngine2 -->
        <test-method signature="testEdge1()[pri:48, instance:com.example.demo.CustomerLoyaltyProjectTest@40a4337a]" started-at="2025-12-30T05:50:42 UTC" name="testEdge1" finished-at="2025-12-30T05:50:42 UTC" duration-ms="0" status="PASS">
          <reporter-output>
          </reporter-output>
        </test-method> <!-- testEdge1 -->
        <test-method signature="testEdge3()[pri:50, instance:com.example.demo.CustomerLoyaltyProjectTest@40a4337a]" started-at="2025-12-30T05:50:42 UTC" name="testEdge3" finished-at="2025-12-30T05:50:42 UTC" duration-ms="0" status="PASS">
          <reporter-output>
          </reporter-output>
        </test-method> <!-- testEdge3 -->
        <test-method signature="testEdge2()[pri:49, instance:com.example.demo.CustomerLoyaltyProjectTest@40a4337a]" started-at="2025-12-30T05:50:42 UTC" name="testEdge2" finished-at="2025-12-30T05:50:42 UTC" duration-ms="0" status="PASS">
          <reporter-output>
          </reporter-output>
        </test-method> <!-- testEdge2 -->
        <test-method signature="testFinal1()[pri:51, instance:com.example.demo.CustomerLoyaltyProjectTest@40a4337a]" started-at="2025-12-30T05:50:42 UTC" name="testFinal1" finished-at="2025-12-30T05:50:42 UTC" duration-ms="0" status="PASS">
          <reporter-output>
          </reporter-output>
        </test-method> <!-- testFinal1 -->
        <test-method signature="testFinal2()[pri:52, instance:com.example.demo.CustomerLoyaltyProjectTest@40a4337a]" started-at="2025-12-30T05:50:42 UTC" name="testFinal2" finished-at="2025-12-30T05:50:42 UTC" duration-ms="1" status="PASS">
          <reporter-output>
          </reporter-output>
        </test-method> <!-- testFinal2 -->
        <test-method signature="testFinal3()[pri:53, instance:com.example.demo.CustomerLoyaltyProjectTest@40a4337a]" started-at="2025-12-30T05:50:42 UTC" name="testFinal3" finished-at="2025-12-30T05:50:42 UTC" duration-ms="0" status="PASS">
          <reporter-output>
          </reporter-output>
        </test-method> <!-- testFinal3 -->
        <test-method signature="testFinal4()[pri:54, instance:com.example.demo.CustomerLoyaltyProjectTest@40a4337a]" started-at="2025-12-30T05:50:42 UTC" name="testFinal4" finished-at="2025-12-30T05:50:42 UTC" duration-ms="0" status="PASS">
          <reporter-output>
          </reporter-output>
        </test-method> <!-- testFinal4 -->
        <test-method signature="testFinal5()[pri:55, instance:com.example.demo.CustomerLoyaltyProjectTest@40a4337a]" started-at="2025-12-30T05:50:42 UTC" name="testFinal5" finished-at="2025-12-30T05:50:42 UTC" duration-ms="0" status="PASS">
          <reporter-output>
          </reporter-output>
        </test-method> <!-- testFinal5 -->
        <test-method signature="testFinal6()[pri:56, instance:com.example.demo.CustomerLoyaltyProjectTest@40a4337a]" started-at="2025-12-30T05:50:42 UTC" name="testFinal6" finished-at="2025-12-30T05:50:42 UTC" duration-ms="0" status="PASS">
          <reporter-output>
          </reporter-output>
        </test-method> <!-- testFinal6 -->
        <test-method signature="testFinal7()[pri:57, instance:com.example.demo.CustomerLoyaltyProjectTest@40a4337a]" started-at="2025-12-30T05:50:42 UTC" name="testFinal7" finished-at="2025-12-30T05:50:42 UTC" duration-ms="0" status="PASS">
          <reporter-output>
          </reporter-output>
        </test-method> <!-- testFinal7 -->
        <test-method signature="testFinal9()[pri:59, instance:com.example.demo.CustomerLoyaltyProjectTest@40a4337a]" started-at="2025-12-30T05:50:42 UTC" name="testFinal9" finished-at="2025-12-30T05:50:42 UTC" duration-ms="0" status="PASS">
          <reporter-output>
          </reporter-output>
        </test-method> <!-- testFinal9 -->
        <test-method signature="testFinal8()[pri:58, instance:com.example.demo.CustomerLoyaltyProjectTest@40a4337a]" started-at="2025-12-30T05:50:42 UTC" name="testFinal8" finished-at="2025-12-30T05:50:42 UTC" duration-ms="0" status="PASS">
          <reporter-output>
          </reporter-output>
        </test-method> <!-- testFinal8 -->
        <test-method signature="testFinal10()[pri:60, instance:com.example.demo.CustomerLoyaltyProjectTest@40a4337a]" started-at="2025-12-30T05:50:42 UTC" name="testFinal10" finished-at="2025-12-30T05:50:42 UTC" duration-ms="0" status="PASS">
          <reporter-output>
          </reporter-output>
        </test-method> <!-- testFinal10 -->
        <test-method signature="testFinal12()[pri:62, instance:com.example.demo.CustomerLoyaltyProjectTest@40a4337a]" started-at="2025-12-30T05:50:42 UTC" name="testFinal12" finished-at="2025-12-30T05:50:42 UTC" duration-ms="90" status="PASS">
          <reporter-output>
          </reporter-output>
        </test-method> <!-- testFinal12 -->
        <test-method signature="testFinal11()[pri:61, instance:com.example.demo.CustomerLoyaltyProjectTest@40a4337a]" started-at="2025-12-30T05:50:42 UTC" name="testFinal11" finished-at="2025-12-30T05:50:42 UTC" duration-ms="0" status="PASS">
          <reporter-output>
          </reporter-output>
        </test-method> <!-- testFinal11 -->
        <test-method signature="testFinal13()[pri:63, instance:com.example.demo.CustomerLoyaltyProjectTest@40a4337a]" started-at="2025-12-30T05:50:42 UTC" name="testFinal13" finished-at="2025-12-30T05:50:42 UTC" duration-ms="0" status="PASS">
          <reporter-output>
          </reporter-output>
        </test-method> <!-- testFinal13 -->
        <test-method signature="testFinal14()[pri:64, instance:com.example.demo.CustomerLoyaltyProjectTest@40a4337a]" started-at="2025-12-30T05:50:42 UTC" name="testFinal14" finished-at="2025-12-30T05:50:42 UTC" duration-ms="0" status="PASS">
          <reporter-output>
          </reporter-output>
        </test-method> <!-- testFinal14 -->
        <test-method signature="testFinal16()[pri:66, instance:com.example.demo.CustomerLoyaltyProjectTest@40a4337a]" started-at="2025-12-30T05:50:42 UTC" name="testFinal16" finished-at="2025-12-30T05:50:42 UTC" duration-ms="0" status="PASS">
          <reporter-output>
          </reporter-output>
        </test-method> <!-- testFinal16 -->
        <test-method signature="testFinal15()[pri:65, instance:com.example.demo.CustomerLoyaltyProjectTest@40a4337a]" started-at="2025-12-30T05:50:42 UTC" name="testFinal15" finished-at="2025-12-30T05:50:42 UTC" duration-ms="0" status="PASS">
          <reporter-output>
          </reporter-output>
        </test-method> <!-- testFinal15 -->
        <test-method signature="testFinal18()[pri:68, instance:com.example.demo.CustomerLoyaltyProjectTest@40a4337a]" started-at="2025-12-30T05:50:42 UTC" name="testFinal18" finished-at="2025-12-30T05:50:42 UTC" duration-ms="1" status="PASS">
          <reporter-output>
          </reporter-output>
        </test-method> <!-- testFinal18 -->
        <test-method signature="testFinal17()[pri:67, instance:com.example.demo.CustomerLoyaltyProjectTest@40a4337a]" started-at="2025-12-30T05:50:42 UTC" name="testFinal17" finished-at="2025-12-30T05:50:42 UTC" duration-ms="0" status="PASS">
          <reporter-output>
          </reporter-output>
        </test-method> <!-- testFinal17 -->
        <test-method signature="testFinal19()[pri:69, instance:com.example.demo.CustomerLoyaltyProjectTest@40a4337a]" started-at="2025-12-30T05:50:42 UTC" name="testFinal19" finished-at="2025-12-30T05:50:42 UTC" duration-ms="0" status="PASS">
          <reporter-output>
          </reporter-output>
        </test-method> <!-- testFinal19 -->
        <test-method signature="testFinal20()[pri:70, instance:com.example.demo.CustomerLoyaltyProjectTest@40a4337a]" started-at="2025-12-30T05:50:42 UTC" name="testFinal20" finished-at="2025-12-30T05:50:42 UTC" duration-ms="1" status="PASS">
          <reporter-output>
          </reporter-output>
        </test-method> <!-- testFinal20 -->
      </class> <!-- com.example.demo.CustomerLoyaltyProjectTest -->
    </test> <!-- Surefire test -->
  </suite> <!-- Surefire suite -->
</testng-results>
