<?xml version="1.0" encoding="UTF-8"?>
<!-- Generated by org.testng.reporters.JUnitReportReporter -->
<testsuite hostname="346e02075c44" failures="0" tests="70" name="com.example.demo.CustomerLoyaltyProjectTest" time="0.219" errors="0" timestamp="2025-12-25T13:44:46 UTC" skipped="0">
  <testcase classname="com.example.demo.CustomerLoyaltyProjectTest" name="testContextLoad" time="0.010"/>
  <testcase classname="com.example.demo.CustomerLoyaltyProjectTest" name="testCreateCustomer" time="0.001"/>
  <testcase classname="com.example.demo.CustomerLoyaltyProjectTest" name="testGetCustomer" time="0.000"/>
  <testcase classname="com.example.demo.CustomerLoyaltyProjectTest" name="testListCustomers" time="0.001"/>
  <testcase classname="com.example.demo.CustomerLoyaltyProjectTest" name="testMissingCustomer" time="0.002"/>
  <testcase classname="com.example.demo.CustomerLoyaltyProjectTest" name="testCreatePurchase" time="0.001"/>
  <testcase classname="com.example.demo.CustomerLoyaltyProjectTest" name="testInvalidPurchaseAmount" time="0.000"/>
  <testcase classname="com.example.demo.CustomerLoyaltyProjectTest" name="testCreateVisit" time="0.001"/>
  <testcase classname="com.example.demo.CustomerLoyaltyProjectTest" name="testInvalidVisitChannel" time="0.001"/>
  <testcase classname="com.example.demo.CustomerLoyaltyProjectTest" name="testUpdateTier" time="0.000"/>
  <testcase classname="com.example.demo.CustomerLoyaltyProjectTest" name="testFindByCustomerId" time="0.001"/>
  <testcase classname="com.example.demo.CustomerLoyaltyProjectTest" name="testDeactivateCustomer" time="0.001"/>
  <testcase classname="com.example.demo.CustomerLoyaltyProjectTest" name="testCreateRule" time="0.001"/>
  <testcase classname="com.example.demo.CustomerLoyaltyProjectTest" name="testGetActiveRules" time="0.000"/>
  <testcase classname="com.example.demo.CustomerLoyaltyProjectTest" name="testRuleLookup" time="0.001"/>
  <testcase classname="com.example.demo.CustomerLoyaltyProjectTest" name="testGetPurchasesByCustomer" time="0.000"/>
  <testcase classname="com.example.demo.CustomerLoyaltyProjectTest" name="testGetVisitsByCustomer" time="0.001"/>
  <testcase classname="com.example.demo.CustomerLoyaltyProjectTest" name="testInvalidCustomerLookup" time="0.000"/>
  <testcase classname="com.example.demo.CustomerLoyaltyProjectTest" name="testInvalidRuleLookup" time="0.000"/>
  <testcase classname="com.example.demo.CustomerLoyaltyProjectTest" name="testReactivateCustomer" time="0.000"/>
  <testcase classname="com.example.demo.CustomerLoyaltyProjectTest" name="testDI1" time="0.000"/>
  <testcase classname="com.example.demo.CustomerLoyaltyProjectTest" name="testDI2" time="0.000"/>
  <testcase classname="com.example.demo.CustomerLoyaltyProjectTest" name="testDI3" time="0.091"/>
  <testcase classname="com.example.demo.CustomerLoyaltyProjectTest" name="testDI4" time="0.001"/>
  <testcase classname="com.example.demo.CustomerLoyaltyProjectTest" name="testDI5" time="0.000"/>
  <testcase classname="com.example.demo.CustomerLoyaltyProjectTest" name="testHibernate1" time="0.000"/>
  <testcase classname="com.example.demo.CustomerLoyaltyProjectTest" name="testHibernate2" time="0.000"/>
  <testcase classname="com.example.demo.CustomerLoyaltyProjectTest" name="testHibernate3" time="0.000"/>
  <testcase classname="com.example.demo.CustomerLoyaltyProjectTest" name="testEntity1" time="0.000"/>
  <testcase classname="com.example.demo.CustomerLoyaltyProjectTest" name="testEntity2" time="0.001"/>
  <testcase classname="com.example.demo.CustomerLoyaltyProjectTest" name="testEntity3" time="0.000"/>
  <testcase classname="com.example.demo.CustomerLoyaltyProjectTest" name="testEntity4" time="0.000"/>
  <testcase classname="com.example.demo.CustomerLoyaltyProjectTest" name="testEntity5" time="0.001"/>
  <testcase classname="com.example.demo.CustomerLoyaltyProjectTest" name="testHql1" time="0.000"/>
  <testcase classname="com.example.demo.CustomerLoyaltyProjectTest" name="testHql2" time="0.000"/>
  <testcase classname="com.example.demo.CustomerLoyaltyProjectTest" name="test1NF" time="0.000"/>
  <testcase classname="com.example.demo.CustomerLoyaltyProjectTest" name="test2NF" time="0.001"/>
  <testcase classname="com.example.demo.CustomerLoyaltyProjectTest" name="test3NF" time="0.001"/>
  <testcase classname="com.example.demo.CustomerLoyaltyProjectTest" name="testManyToMany1" time="0.001"/>
  <testcase classname="com.example.demo.CustomerLoyaltyProjectTest" name="testManyToMany2" time="0.093"/>
  <testcase classname="com.example.demo.CustomerLoyaltyProjectTest" name="testManyToMany3" time="0.000"/>
  <testcase classname="com.example.demo.CustomerLoyaltyProjectTest" name="testManyToMany4" time="0.000"/>
  <testcase classname="com.example.demo.CustomerLoyaltyProjectTest" name="testJwt1" time="0.000"/>
  <testcase classname="com.example.demo.CustomerLoyaltyProjectTest" name="testJwt2" time="0.000"/>
  <testcase classname="com.example.demo.CustomerLoyaltyProjectTest" name="testJwt3" time="0.001"/>
  <testcase classname="com.example.demo.CustomerLoyaltyProjectTest" name="testEngine1" time="0.001"/>
  <testcase classname="com.example.demo.CustomerLoyaltyProjectTest" name="testEngine2" time="0.000"/>
  <testcase classname="com.example.demo.CustomerLoyaltyProjectTest" name="testEdge1" time="0.000"/>
  <testcase classname="com.example.demo.CustomerLoyaltyProjectTest" name="testEdge2" time="0.000"/>
  <testcase classname="com.example.demo.CustomerLoyaltyProjectTest" name="testEdge3" time="0.000"/>
  <testcase classname="com.example.demo.CustomerLoyaltyProjectTest" name="testFinal1" time="0.000"/>
  <testcase classname="com.example.demo.CustomerLoyaltyProjectTest" name="testFinal2" time="0.000"/>
  <testcase classname="com.example.demo.CustomerLoyaltyProjectTest" name="testFinal3" time="0.000"/>
  <testcase classname="com.example.demo.CustomerLoyaltyProjectTest" name="testFinal4" time="0.000"/>
  <testcase classname="com.example.demo.CustomerLoyaltyProjectTest" name="testFinal5" time="0.000"/>
  <testcase classname="com.example.demo.CustomerLoyaltyProjectTest" name="testFinal6" time="0.001"/>
  <testcase classname="com.example.demo.CustomerLoyaltyProjectTest" name="testFinal7" time="0.000"/>
  <testcase classname="com.example.demo.CustomerLoyaltyProjectTest" name="testFinal8" time="0.000"/>
  <testcase classname="com.example.demo.CustomerLoyaltyProjectTest" name="testFinal9" time="0.000"/>
  <testcase classname="com.example.demo.CustomerLoyaltyProjectTest" name="testFinal10" time="0.000"/>
  <testcase classname="com.example.demo.CustomerLoyaltyProjectTest" name="testFinal11" time="0.000"/>
  <testcase classname="com.example.demo.CustomerLoyaltyProjectTest" name="testFinal12" time="0.001"/>
  <testcase classname="com.example.demo.CustomerLoyaltyProjectTest" name="testFinal13" time="0.001"/>
  <testcase classname="com.example.demo.CustomerLoyaltyProjectTest" name="testFinal14" time="0.001"/>
  <testcase classname="com.example.demo.CustomerLoyaltyProjectTest" name="testFinal15" time="0.001"/>
  <testcase classname="com.example.demo.CustomerLoyaltyProjectTest" name="testFinal16" time="0.000"/>
  <testcase classname="com.example.demo.CustomerLoyaltyProjectTest" name="testFinal17" time="0.000"/>
  <testcase classname="com.example.demo.CustomerLoyaltyProjectTest" name="testFinal18" time="0.000"/>
  <testcase classname="com.example.demo.CustomerLoyaltyProjectTest" name="testFinal19" time="0.000"/>
  <testcase classname="com.example.demo.CustomerLoyaltyProjectTest" name="testFinal20" time="0.000"/>
</testsuite> <!-- com.example.demo.CustomerLoyaltyProjectTest -->
